[INFO  - 2017-04-08T05:24:26.318Z] GhostDriver - Main - running on port 24782
[INFO  - 2017-04-08T05:24:27.763Z] Session [a2b539d0-1c1b-11e7-a5f2-212b60df4f72] - page.settings - {"XSSAuditingEnabled":false,"javascriptCanCloseWindows":true,"javascriptCanOpenWindows":true,"javascriptEnabled":true,"loadImages":true,"localToRemoteUrlAccessEnabled":false,"userAgent":"Mozilla/5.0 (Windows NT 6.1; WOW64) AppleWebKit/538.1 (KHTML, like Gecko) PhantomJS/2.1.1 Safari/538.1","webSecurityEnabled":true}
[INFO  - 2017-04-08T05:24:27.764Z] Session [a2b539d0-1c1b-11e7-a5f2-212b60df4f72] - page.customHeaders:  - {}
[INFO  - 2017-04-08T05:24:27.764Z] Session [a2b539d0-1c1b-11e7-a5f2-212b60df4f72] - Session.negotiatedCapabilities - {"browserName":"phantomjs","version":"2.1.1","driverName":"ghostdriver","driverVersion":"1.2.0","platform":"windows-7-32bit","javascriptEnabled":true,"takesScreenshot":true,"handlesAlerts":false,"databaseEnabled":false,"locationContextEnabled":false,"applicationCacheEnabled":false,"browserConnectionEnabled":false,"cssSelectorsEnabled":true,"webStorageEnabled":false,"rotatable":false,"acceptSslCerts":false,"nativeEvents":true,"proxy":{"proxyType":"direct"}}
[INFO  - 2017-04-08T05:24:27.764Z] SessionManagerReqHand - _postNewSessionCommand - New Session Created: a2b539d0-1c1b-11e7-a5f2-212b60df4f72
[INFO  - 2017-04-08T05:24:32.204Z] ShutdownReqHand - _handle - About to shutdown
[INFO  - 2017-04-08T05:24:51.796Z] GhostDriver - Main - running on port 48430
[INFO  - 2017-04-08T05:24:52.156Z] Session [b13f4d60-1c1b-11e7-8e46-6f464d696ec1] - page.settings - {"XSSAuditingEnabled":false,"javascriptCanCloseWindows":true,"javascriptCanOpenWindows":true,"javascriptEnabled":true,"loadImages":true,"localToRemoteUrlAccessEnabled":false,"userAgent":"Mozilla/5.0 (Windows NT 6.1; WOW64) AppleWebKit/538.1 (KHTML, like Gecko) PhantomJS/2.1.1 Safari/538.1","webSecurityEnabled":true}
[INFO  - 2017-04-08T05:24:52.156Z] Session [b13f4d60-1c1b-11e7-8e46-6f464d696ec1] - page.customHeaders:  - {}
[INFO  - 2017-04-08T05:24:52.156Z] Session [b13f4d60-1c1b-11e7-8e46-6f464d696ec1] - Session.negotiatedCapabilities - {"browserName":"phantomjs","version":"2.1.1","driverName":"ghostdriver","driverVersion":"1.2.0","platform":"windows-7-32bit","javascriptEnabled":true,"takesScreenshot":true,"handlesAlerts":false,"databaseEnabled":false,"locationContextEnabled":false,"applicationCacheEnabled":false,"browserConnectionEnabled":false,"cssSelectorsEnabled":true,"webStorageEnabled":false,"rotatable":false,"acceptSslCerts":false,"nativeEvents":true,"proxy":{"proxyType":"direct"}}
[INFO  - 2017-04-08T05:24:52.156Z] SessionManagerReqHand - _postNewSessionCommand - New Session Created: b13f4d60-1c1b-11e7-8e46-6f464d696ec1
[INFO  - 2017-04-08T05:24:56.365Z] ShutdownReqHand - _handle - About to shutdown
[INFO  - 2017-04-19T00:10:13.274Z] GhostDriver - Main - running on port 41251
[INFO  - 2017-04-19T00:10:14.156Z] Session [8fa05a60-2494-11e7-878d-8f50fca1a6e1] - page.settings - {"XSSAuditingEnabled":false,"javascriptCanCloseWindows":true,"javascriptCanOpenWindows":true,"javascriptEnabled":true,"loadImages":true,"localToRemoteUrlAccessEnabled":false,"userAgent":"Mozilla/5.0 (Windows NT 6.1; WOW64) AppleWebKit/538.1 (KHTML, like Gecko) PhantomJS/2.1.1 Safari/538.1","webSecurityEnabled":true}
[INFO  - 2017-04-19T00:10:14.156Z] Session [8fa05a60-2494-11e7-878d-8f50fca1a6e1] - page.customHeaders:  - {}
[INFO  - 2017-04-19T00:10:14.156Z] Session [8fa05a60-2494-11e7-878d-8f50fca1a6e1] - Session.negotiatedCapabilities - {"browserName":"phantomjs","version":"2.1.1","driverName":"ghostdriver","driverVersion":"1.2.0","platform":"windows-7-32bit","javascriptEnabled":true,"takesScreenshot":true,"handlesAlerts":false,"databaseEnabled":false,"locationContextEnabled":false,"applicationCacheEnabled":false,"browserConnectionEnabled":false,"cssSelectorsEnabled":true,"webStorageEnabled":false,"rotatable":false,"acceptSslCerts":false,"nativeEvents":true,"proxy":{"proxyType":"direct"}}
[INFO  - 2017-04-19T00:10:14.157Z] SessionManagerReqHand - _postNewSessionCommand - New Session Created: 8fa05a60-2494-11e7-878d-8f50fca1a6e1
[INFO  - 2017-04-19T00:10:17.952Z] ShutdownReqHand - _handle - About to shutdown
[INFO  - 2017-04-20T19:14:08.719Z] GhostDriver - Main - running on port 12049
[INFO  - 2017-04-20T19:14:11.106Z] Session [88d937a0-25fd-11e7-a9ef-3347bdca17eb] - page.settings - {"XSSAuditingEnabled":false,"javascriptCanCloseWindows":true,"javascriptCanOpenWindows":true,"javascriptEnabled":true,"loadImages":true,"localToRemoteUrlAccessEnabled":false,"userAgent":"Mozilla/5.0 (Windows NT 6.1; WOW64) AppleWebKit/538.1 (KHTML, like Gecko) PhantomJS/2.1.1 Safari/538.1","webSecurityEnabled":true}
[INFO  - 2017-04-20T19:14:11.106Z] Session [88d937a0-25fd-11e7-a9ef-3347bdca17eb] - page.customHeaders:  - {}
[INFO  - 2017-04-20T19:14:11.107Z] Session [88d937a0-25fd-11e7-a9ef-3347bdca17eb] - Session.negotiatedCapabilities - {"browserName":"phantomjs","version":"2.1.1","driverName":"ghostdriver","driverVersion":"1.2.0","platform":"windows-7-32bit","javascriptEnabled":true,"takesScreenshot":true,"handlesAlerts":false,"databaseEnabled":false,"locationContextEnabled":false,"applicationCacheEnabled":false,"browserConnectionEnabled":false,"cssSelectorsEnabled":true,"webStorageEnabled":false,"rotatable":false,"acceptSslCerts":false,"nativeEvents":true,"proxy":{"proxyType":"direct"}}
[INFO  - 2017-04-20T19:14:11.107Z] SessionManagerReqHand - _postNewSessionCommand - New Session Created: 88d937a0-25fd-11e7-a9ef-3347bdca17eb
[INFO  - 2017-04-20T19:14:14.929Z] ShutdownReqHand - _handle - About to shutdown
